<?xml version="1.0" encoding="UTF-8"?>
<!-- Generated by org.testng.reporters.JUnitReportReporter -->
<testsuite hostname="AlertFire" failures="0" tests="1" name="demo.qa.UIElementTests" time="38.821" errors="0" timestamp="2025-07-21T17:28:46 IST" skipped="0">
  <testcase classname="demo.qa.UIElementTests" name="BrokenlinksImages" time="38.821"/>
</testsuite> <!-- demo.qa.UIElementTests -->
