<?xml version="1.0" encoding="UTF-8"?>
<!-- Generated by org.testng.reporters.JUnitReportReporter -->
<testsuite hostname="AlertFire" failures="0" tests="1" name="demo.qa.UIElementTests" time="0.460" errors="0" timestamp="2025-07-16T16:44:52 IST" skipped="0">
  <testcase classname="demo.qa.UIElementTests" name="CheckboxPractice" time="0.460"/>
</testsuite> <!-- demo.qa.UIElementTests -->
