<?xml version="1.0" encoding="UTF-8"?>
<!-- Generated by org.testng.reporters.JUnitReportReporter -->
<testsuite hostname="AlertFire" failures="0" tests="1" name="orangeHRM.LoginPage" time="0.645" errors="0" timestamp="2025-07-15T18:04:22 IST" skipped="0">
  <testcase classname="orangeHRM.LoginPage" name="Login" time="0.645"/>
</testsuite> <!-- orangeHRM.LoginPage -->
